00:13:01.166 [AWT-EventQueue-0] ERROR BusinessLogicLayer.LoginService - Error sending email
com.sun.mail.util.MailConnectException: Couldn't connect to host, port: smtp.office365.com, 587; timeout -1
	at com.sun.mail.smtp.SMTPTransport.openServer(SMTPTransport.java:2118) ~[javax.mail-1.5.6.jar:1.5.6]
	at com.sun.mail.smtp.SMTPTransport.protocolConnect(SMTPTransport.java:712) ~[javax.mail-1.5.6.jar:1.5.6]
	at javax.mail.Service.connect(Service.java:388) ~[javax.mail-1.5.6.jar:1.5.6]
	at javax.mail.Service.connect(Service.java:246) ~[javax.mail-1.5.6.jar:1.5.6]
	at javax.mail.Service.connect(Service.java:195) ~[javax.mail-1.5.6.jar:1.5.6]
	at javax.mail.Transport.send0(Transport.java:254) ~[javax.mail-1.5.6.jar:1.5.6]
	at javax.mail.Transport.send(Transport.java:124) ~[javax.mail-1.5.6.jar:1.5.6]
	at BusinessLogicLayer.EmailService.sendEmail(EmailService.java:74) ~[classes/:?]
	at BusinessLogicLayer.EmailService.sendVerificationEmail(EmailService.java:93) ~[classes/:?]
	at PresentationLayer.RegisterPanel.jButton1MouseClicked(RegisterPanel.java:355) ~[classes/:?]
	at PresentationLayer.RegisterPanel$5.mouseClicked(RegisterPanel.java:122) ~[classes/:?]
	at java.desktop/java.awt.AWTEventMulticaster.mouseClicked(AWTEventMulticaster.java:278) ~[?:?]
	at java.desktop/java.awt.Component.processMouseEvent(Component.java:6624) ~[?:?]
	at java.desktop/javax.swing.JComponent.processMouseEvent(JComponent.java:3398) ~[?:?]
	at java.desktop/java.awt.Component.processEvent(Component.java:6386) ~[?:?]
	at java.desktop/java.awt.Container.processEvent(Container.java:2266) ~[?:?]
	at java.desktop/java.awt.Component.dispatchEventImpl(Component.java:4996) ~[?:?]
	at java.desktop/java.awt.Container.dispatchEventImpl(Container.java:2324) ~[?:?]
	at java.desktop/java.awt.Component.dispatchEvent(Component.java:4828) ~[?:?]
	at java.desktop/java.awt.LightweightDispatcher.retargetMouseEvent(Container.java:4948) ~[?:?]
	at java.desktop/java.awt.LightweightDispatcher.processMouseEvent(Container.java:4584) ~[?:?]
	at java.desktop/java.awt.LightweightDispatcher.dispatchEvent(Container.java:4516) ~[?:?]
	at java.desktop/java.awt.Container.dispatchEventImpl(Container.java:2310) ~[?:?]
	at java.desktop/java.awt.Window.dispatchEventImpl(Window.java:2780) ~[?:?]
	at java.desktop/java.awt.Component.dispatchEvent(Component.java:4828) ~[?:?]
	at java.desktop/java.awt.EventQueue.dispatchEventImpl(EventQueue.java:775) ~[?:?]
	at java.desktop/java.awt.EventQueue$4.run(EventQueue.java:720) ~[?:?]
	at java.desktop/java.awt.EventQueue$4.run(EventQueue.java:714) ~[?:?]
	at java.base/java.security.AccessController.doPrivileged(AccessController.java:400) [?:?]
	at java.base/java.security.ProtectionDomain$JavaSecurityAccessImpl.doIntersectionPrivilege(ProtectionDomain.java:87) ~[?:?]
	at java.base/java.security.ProtectionDomain$JavaSecurityAccessImpl.doIntersectionPrivilege(ProtectionDomain.java:98) ~[?:?]
	at java.desktop/java.awt.EventQueue$5.run(EventQueue.java:747) ~[?:?]
	at java.desktop/java.awt.EventQueue$5.run(EventQueue.java:745) ~[?:?]
	at java.base/java.security.AccessController.doPrivileged(AccessController.java:400) [?:?]
	at java.base/java.security.ProtectionDomain$JavaSecurityAccessImpl.doIntersectionPrivilege(ProtectionDomain.java:87) [?:?]
	at java.desktop/java.awt.EventQueue.dispatchEvent(EventQueue.java:744) [?:?]
	at java.desktop/java.awt.EventDispatchThread.pumpOneEventForFilters(EventDispatchThread.java:203) [?:?]
	at java.desktop/java.awt.EventDispatchThread.pumpEventsForFilter(EventDispatchThread.java:124) [?:?]
	at java.desktop/java.awt.EventDispatchThread.pumpEventsForHierarchy(EventDispatchThread.java:113) [?:?]
	at java.desktop/java.awt.EventDispatchThread.pumpEvents(EventDispatchThread.java:109) [?:?]
	at java.desktop/java.awt.EventDispatchThread.pumpEvents(EventDispatchThread.java:101) [?:?]
	at java.desktop/java.awt.EventDispatchThread.run(EventDispatchThread.java:90) [?:?]
Caused by: java.net.ConnectException: Connection timed out: connect
	at java.base/sun.nio.ch.Net.connect0(Native Method) ~[?:?]
	at java.base/sun.nio.ch.Net.connect(Net.java:589) ~[?:?]
	at java.base/sun.nio.ch.Net.connect(Net.java:578) ~[?:?]
	at java.base/sun.nio.ch.NioSocketImpl.connect(NioSocketImpl.java:583) ~[?:?]
	at java.base/java.net.SocksSocketImpl.connect(SocksSocketImpl.java:327) ~[?:?]
	at java.base/java.net.Socket.connect(Socket.java:751) ~[?:?]
	at java.base/java.net.Socket.connect(Socket.java:686) ~[?:?]
	at com.sun.mail.util.SocketFetcher.createSocket(SocketFetcher.java:331) ~[javax.mail-1.5.6.jar:1.5.6]
	at com.sun.mail.util.SocketFetcher.getSocket(SocketFetcher.java:238) ~[javax.mail-1.5.6.jar:1.5.6]
	at com.sun.mail.smtp.SMTPTransport.openServer(SMTPTransport.java:2084) ~[javax.mail-1.5.6.jar:1.5.6]
	... 41 more
