15:56:14.165 [main] ERROR org.apache.logging.log4j.Logger - Error in creating new filter
15:56:14.180 [main] ERROR org.apache.logging.log4j.Logger - Error in creating new filter
15:56:14.336 [main] ERROR org.apache.logging.log4j.Logger - Error in creating new filter
15:56:14.376 [main] ERROR org.apache.logging.log4j.Logger - Error in creating new filter
15:56:14.552 [main] ERROR org.apache.logging.log4j.Logger - Error in creating new filter
16:01:22.762 [main] ERROR org.apache.logging.log4j.Logger - Error in creating new filter
16:05:38.315 [main] ERROR org.apache.logging.log4j.Logger - Error in creating new filter
21:04:09.928 [main] ERROR org.apache.logging.log4j.Logger - Error establishing database connection: Communications link failure due to underlying exception: 

** BEGIN NESTED EXCEPTION ** 

java.net.ConnectException
MESSAGE: Connection refused: connect

STACKTRACE:

java.net.ConnectException: Connection refused: connect
	at java.base/sun.nio.ch.Net.connect0(Native Method)
	at java.base/sun.nio.ch.Net.connect(Net.java:589)
	at java.base/sun.nio.ch.Net.connect(Net.java:578)
	at java.base/sun.nio.ch.NioSocketImpl.connect(NioSocketImpl.java:583)
	at java.base/java.net.SocksSocketImpl.connect(SocksSocketImpl.java:327)
	at java.base/java.net.Socket.connect(Socket.java:751)
	at java.base/java.net.Socket.connect(Socket.java:686)
	at java.base/java.net.Socket.<init>(Socket.java:555)
	at java.base/java.net.Socket.<init>(Socket.java:356)
	at com.mysql.jdbc.StandardSocketFactory.connect(StandardSocketFactory.java:256)
	at com.mysql.jdbc.MysqlIO.<init>(MysqlIO.java:271)
	at com.mysql.jdbc.Connection.createNewIO(Connection.java:2771)
	at com.mysql.jdbc.Connection.<init>(Connection.java:1555)
	at com.mysql.jdbc.NonRegisteringDriver.connect(NonRegisteringDriver.java:285)
	at java.sql/java.sql.DriverManager.getConnection(DriverManager.java:683)
	at java.sql/java.sql.DriverManager.getConnection(DriverManager.java:230)
	at DataAccessLayer.DBhandler.<init>(DBhandler.java:27)
	at DataAccessLayer.DBhandler.getInstance(DBhandler.java:38)
	at DataAccessLayer.ResearchDAO.researchExists(ResearchDAO.java:66)
	at DataAccessLayer.ResearchDAO.insertResearch(ResearchDAO.java:30)
	at DataAccessLayer.FascadeDAO.insertResearch(FascadeDAO.java:45)
	at BusinessLogicLayer.ResearchBO.createResearch(ResearchBO.java:26)
	at BusinessLogicLayer.ResearchBOTest.testCreateResearch_Success(ResearchBOTest.java:52)
	at java.base/jdk.internal.reflect.DirectMethodHandleAccessor.invoke(DirectMethodHandleAccessor.java:103)
	at java.base/java.lang.reflect.Method.invoke(Method.java:580)
	at org.junit.runners.model.FrameworkMethod$1.runReflectiveCall(FrameworkMethod.java:50)
	at org.junit.internal.runners.model.ReflectiveCallable.run(ReflectiveCallable.java:12)
	at org.junit.runners.model.FrameworkMethod.invokeExplosively(FrameworkMethod.java:47)
	at org.junit.internal.runners.statements.InvokeMethod.evaluate(InvokeMethod.java:17)
	at org.junit.internal.runners.statements.RunBefores.evaluate(RunBefores.java:26)
	at org.junit.internal.runners.statements.RunAfters.evaluate(RunAfters.java:27)
	at org.junit.runners.ParentRunner.runLeaf(ParentRunner.java:325)
	at org.junit.runners.BlockJUnit4ClassRunner.runChild(BlockJUnit4ClassRunner.java:78)
	at org.junit.runners.BlockJUnit4ClassRunner.runChild(BlockJUnit4ClassRunner.java:57)
	at org.junit.runners.ParentRunner$3.run(ParentRunner.java:290)
	at org.junit.runners.ParentRunner$1.schedule(ParentRunner.java:71)
	at org.junit.runners.ParentRunner.runChildren(ParentRunner.java:288)
	at org.junit.runners.ParentRunner.access$000(ParentRunner.java:58)
	at org.junit.runners.ParentRunner$2.evaluate(ParentRunner.java:268)
	at org.junit.internal.runners.statements.RunBefores.evaluate(RunBefores.java:26)
	at org.junit.internal.runners.statements.RunAfters.evaluate(RunAfters.java:27)
	at org.junit.runners.ParentRunner.run(ParentRunner.java:363)
	at junit.framework.JUnit4TestAdapter.run(JUnit4TestAdapter.java:38)
	at org.apache.tools.ant.taskdefs.optional.junit.JUnitTestRunner.run(JUnitTestRunner.java:535)
	at org.apache.tools.ant.taskdefs.optional.junit.JUnitTestRunner.launch(JUnitTestRunner.java:1197)
	at org.apache.tools.ant.taskdefs.optional.junit.JUnitTestRunner.main(JUnitTestRunner.java:1042)


** END NESTED EXCEPTION **



Last packet sent to the server was 1 ms ago.
